<?xml version="1.0" encoding="UTF-8"?>
<!-- Generated by org.testng.reporters.JUnitReportReporter -->
<testsuite ignored="0" hostname="BRILAP3245" failures="0" tests="3" name="First.AnnotationsExample" time="0.006" errors="0" timestamp="28 Jun 2021 04:15:45 GMT" skipped="0">
  <testcase classname="First.AnnotationsExample" name="tc3" time="0.001"/>
  <testcase classname="First.AnnotationsExample" name="tc2" time="0.001"/>
  <testcase classname="First.AnnotationsExample" name="tc1" time="0.004"/>
</testsuite> <!-- First.AnnotationsExample -->
