<?xml version="1.0" encoding="UTF-8"?>
<!-- Generated by org.testng.reporters.JUnitReportReporter -->
<testsuite ignored="2" hostname="BRILAP3245" failures="0" tests="3" name="First.DependsTestNG" time="0.012" errors="0" timestamp="28 Jun 2021 07:21:33 GMT" skipped="0">
  <testcase classname="First.DependsTestNG" name="OpenBrowser" time="0.010"/>
  <testcase classname="First.DependsTestNG" name="logout" time="0.001"/>
  <testcase classname="First.DependsTestNG" name="login" time="0.001"/>
  <testcase classname="First.DependsTestNG" name="viewAccount">
    <skipped/>
  </testcase> <!-- viewAccount -->
  <testcase classname="First.DependsTestNG" name="viewAccount2">
    <skipped/>
  </testcase> <!-- viewAccount2 -->
</testsuite> <!-- First.DependsTestNG -->
