<?xml version="1.0" encoding="UTF-8"?>
<!-- Generated by org.testng.reporters.JUnitReportReporter -->
<testsuite ignored="0" hostname="BRILAP3245" failures="0" tests="3" name="First.DependsTest" time="0.009" errors="0" timestamp="28 Jun 2021 07:10:28 GMT" skipped="0">
  <testcase classname="First.DependsTest" name="logout" time="0.001"/>
  <testcase classname="First.DependsTest" name="signIn" time="0.001"/>
  <testcase classname="First.DependsTest" name="OpenBrowser" time="0.007"/>
</testsuite> <!-- First.DependsTest -->
