<?xml version="1.0" encoding="UTF-8"?>
<!-- Generated by org.testng.reporters.JUnitReportReporter -->
<testsuite ignored="0" hostname="BRILAP3245" failures="0" tests="1" name="First.ExpException" time="0.009" errors="0" timestamp="28 Jun 2021 07:26:16 GMT" skipped="0">
  <testcase classname="First.ExpException" name="divideByZero" time="0.009"/>
</testsuite> <!-- First.ExpException -->
