<?xml version="1.0" encoding="UTF-8"?>
<!-- Generated by org.testng.reporters.JUnitReportReporter -->
<testsuite ignored="0" hostname="BRILAP3245" failures="0" tests="1" name="test.GridExample" time="9.554" errors="0" timestamp="30 Jun 2021 07:49:15 GMT" skipped="0">
  <testcase classname="test.GridExample" name="mailTest" time="9.554"/>
</testsuite> <!-- test.GridExample -->
