<?xml version="1.0" encoding="UTF-8"?>
<!-- Generated by org.testng.reporters.JUnitReportReporter -->
<testsuite ignored="0" hostname="BRILAP3245" failures="0" tests="1" name="First.AssertionExample" time="10.271" errors="0" timestamp="28 Jun 2021 04:14:10 GMT" skipped="0">
  <testcase classname="First.AssertionExample" name="assertPass" time="10.271"/>
</testsuite> <!-- First.AssertionExample -->
