<?xml version="1.0" encoding="UTF-8"?>
<!-- Generated by org.testng.reporters.JUnitReportReporter -->
<testsuite ignored="0" hostname="BRILAP3245" failures="0" tests="6" name="First.ExcelExample1" time="11.659" errors="0" timestamp="29 Jun 2021 05:15:11 GMT" skipped="0">
  <testcase classname="First.ExcelExample1" name="verifyInvalidLogin" time="1.480"/>
  <testcase classname="First.ExcelExample1" name="verifyInvalidLogin" time="1.512"/>
  <testcase classname="First.ExcelExample1" name="verifyInvalidLogin" time="2.185"/>
  <testcase classname="First.ExcelExample1" name="verifyInvalidLogin" time="1.829"/>
  <testcase classname="First.ExcelExample1" name="verifyInvalidLogin" time="2.998"/>
  <testcase classname="First.ExcelExample1" name="verifyInvalidLogin" time="1.655"/>
</testsuite> <!-- First.ExcelExample1 -->
