<?xml version="1.0" encoding="UTF-8"?>
<!-- Generated by org.testng.reporters.JUnitReportReporter -->
<testsuite ignored="0" hostname="BRILAP3245" failures="0" tests="2" name="First.CrossBrowser" time="45.264" errors="0" timestamp="28 Jun 2021 09:18:57 GMT" skipped="0">
  <testcase classname="First.CrossBrowser" name="demo1" time="22.523"/>
  <testcase classname="First.CrossBrowser" name="demo1" time="22.741"/>
</testsuite> <!-- First.CrossBrowser -->
